<?xml version="1.0" encoding="UTF-8"?>
<!-- Generated by org.testng.reporters.JUnitXMLReporter -->
<testsuite ignored="0" hostname="Lenovo" failures="0" tests="5" name="Test" time="0.056" errors="0" timestamp="2025-01-26T21:39:33 IST">
  <testcase classname="testNG.TestNGexample" name="appleMethod" time="0.01"/>
  <testcase classname="testNG.TestNGexample" name="bigMethod" time="0.001"/>
  <testcase classname="testNG.TestNGexample" name="manMethod" time="0.002"/>
  <testcase classname="testNG.TestNGexample" name="testMethod1" time="0.001"/>
  <testcase classname="testNG.TestNGparallelExecution" name="priority2Method" time="0.001"/>
</testsuite> <!-- Test -->
