<?xml version="1.0" encoding="UTF-8"?>
<!-- Generated by org.testng.reporters.JUnitXMLReporter -->
<testsuite ignored="0" hostname="Lenovo" failures="0" tests="4" name="parallel" time="0.055" errors="0" timestamp="2025-01-26T22:05:22 IST">
  <testcase classname="testNG.TestNGexample" name="appleMethod" time="0.01"/>
  <testcase classname="testNG.TestNGexample" name="bigMethod" time="0.001"/>
  <testcase classname="testNG.TestNGexample" name="manMethod" time="0.002"/>
  <testcase classname="testNG.TestNGexample" name="testMethod1" time="0.0"/>
</testsuite> <!-- parallel -->
